{"time":"2024-08-12T14:22:54.775807134+05:00","level":"INFO","msg":"LoginHandler called"}
{"time":"2024-08-12T14:26:53.248955741+05:00","level":"INFO","msg":"LoginHandler called"}
{"time":"2024-08-12T14:34:58.0613497+05:00","level":"INFO","msg":"LoginHandler called"}
{"time":"2024-08-12T14:38:18.437729714+05:00","level":"INFO","msg":"LoginHandler called"}
{"time":"2024-08-12T14:44:05.287135032+05:00","level":"INFO","msg":"LoginHandler called"}
{"time":"2024-08-12T14:46:54.937097668+05:00","level":"INFO","msg":"LoginHandler called"}
{"time":"2024-08-12T14:48:49.33201991+05:00","level":"INFO","msg":"LoginHandler called"}
{"time":"2024-08-12T14:54:16.614854537+05:00","level":"INFO","msg":"LoginHandler called"}
{"time":"2024-08-12T14:54:30.859575902+05:00","level":"INFO","msg":"LoginHandler called"}
{"time":"2024-08-12T14:56:32.405285107+05:00","level":"INFO","msg":"LoginHandler called"}
{"time":"2024-08-12T15:22:48.582783043+05:00","level":"INFO","msg":"CreateAccountHandler"}
{"time":"2024-08-12T15:28:30.908276875+05:00","level":"INFO","msg":"LoginHandler called"}
{"time":"2024-08-12T15:37:36.19561135+05:00","level":"INFO","msg":"LoginHandler called"}
{"time":"2024-08-12T15:51:02.713270027+05:00","level":"INFO","msg":"LoginHandler called"}
{"time":"2024-08-12T16:56:44.018154183+05:00","level":"INFO","msg":"LoginHandler called"}
{"time":"2024-08-13T13:20:43.542237251+05:00","level":"INFO","msg":"LoginHandler called"}
{"time":"2024-08-13T13:22:10.792630551+05:00","level":"INFO","msg":"CreateAccountHandler"}
{"time":"2024-08-13T13:22:28.574190035+05:00","level":"INFO","msg":"LoginHandler called"}
{"time":"2024-08-13T13:22:57.625219243+05:00","level":"INFO","msg":"CreateAccountHandler"}
{"time":"2024-08-13T13:40:47.995311091+05:00","level":"INFO","msg":"CreateAccountHandler"}
{"time":"2024-08-13T13:43:32.886713525+05:00","level":"INFO","msg":"CreateAccountHandler"}
{"time":"2024-08-13T13:48:18.808688723+05:00","level":"INFO","msg":"CreateTransactionHandler"}
{"time":"2024-08-13T13:48:18.809043282+05:00","level":"INFO","msg":"Message published","queue":"transaction_created"}
{"time":"2024-08-13T13:49:35.170667991+05:00","level":"INFO","msg":"CreateTransactionHandler"}
{"time":"2024-08-13T13:49:35.170873657+05:00","level":"INFO","msg":"Message published","queue":"transaction_created"}
{"time":"2024-08-13T13:50:44.73725223+05:00","level":"INFO","msg":"CreateTransactionHandler"}
{"time":"2024-08-13T13:50:44.737461565+05:00","level":"INFO","msg":"Message published","queue":"transaction_created"}
{"time":"2024-08-13T13:51:35.300761615+05:00","level":"INFO","msg":"CreateTransactionHandler"}
{"time":"2024-08-13T13:51:35.301115689+05:00","level":"INFO","msg":"Message published","queue":"transaction_created"}
{"time":"2024-08-13T13:52:33.079083453+05:00","level":"INFO","msg":"CreateTransactionHandler"}
{"time":"2024-08-13T13:52:33.079923823+05:00","level":"INFO","msg":"Message published","queue":"transaction_created"}
{"time":"2024-08-13T13:53:35.267052347+05:00","level":"INFO","msg":"CreateTransactionHandler"}
{"time":"2024-08-13T13:53:35.267434124+05:00","level":"INFO","msg":"Message published","queue":"transaction_created"}
{"time":"2024-08-13T13:55:24.842862236+05:00","level":"INFO","msg":"CreateTransactionHandler"}
{"time":"2024-08-13T13:55:24.843285287+05:00","level":"INFO","msg":"Message published","queue":"transaction_created"}
{"time":"2024-08-13T16:19:29.989358569+05:00","level":"INFO","msg":"LoginHandler called"}
{"time":"2024-08-13T16:34:08.964019511+05:00","level":"INFO","msg":"LoginHandler called"}
{"time":"2024-08-13T16:47:15.583877594+05:00","level":"INFO","msg":"LoginHandler called"}
{"time":"2024-08-13T16:51:49.513617844+05:00","level":"INFO","msg":"CreateAccountHandler"}
{"time":"2024-08-13T16:53:08.207182813+05:00","level":"INFO","msg":"GetAccountsHandler"}
{"time":"2024-08-13T16:54:07.775651282+05:00","level":"INFO","msg":"GetAccountByIdHandler"}
{"time":"2024-08-14T15:38:34.870552602+05:00","level":"INFO","msg":"LoginHandler called"}
{"time":"2024-08-14T15:42:09.469013579+05:00","level":"INFO","msg":"LoginHandler called"}
{"time":"2024-08-14T15:42:40.243054287+05:00","level":"INFO","msg":"GetAccountsHandler"}
{"time":"2024-08-14T15:43:01.918470377+05:00","level":"INFO","msg":"CreateTransactionHandler"}
{"time":"2024-08-14T15:43:02.928351853+05:00","level":"INFO","msg":"Message published","topic":"transaction_created"}
{"time":"2024-08-14T15:43:03.933123275+05:00","level":"INFO","msg":"Message published","topic":"notification_created"}
{"time":"2024-08-14T15:46:38.227890253+05:00","level":"INFO","msg":"CreateTransactionHandler"}
{"time":"2024-08-14T15:46:39.232070231+05:00","level":"INFO","msg":"Message published","topic":"transaction_created"}
{"time":"2024-08-14T15:46:40.235499761+05:00","level":"INFO","msg":"Message published","topic":"notification_created"}
{"time":"2024-08-14T15:47:11.407866524+05:00","level":"INFO","msg":"GetAccountsHandler"}
{"time":"2024-08-14T15:51:03.806386572+05:00","level":"INFO","msg":"GetAccountsHandler"}
{"time":"2024-08-14T15:51:17.283503224+05:00","level":"INFO","msg":"GetAccountsHandler"}
{"time":"2024-08-14T15:53:04.695943412+05:00","level":"INFO","msg":"CreateAccountHandler"}
{"time":"2024-08-14T15:53:55.606621763+05:00","level":"INFO","msg":"CreateAccountHandler"}
{"time":"2024-08-14T15:54:05.405154788+05:00","level":"INFO","msg":"GetAccountsHandler"}
{"time":"2024-08-14T15:57:31.454912945+05:00","level":"INFO","msg":"GetAccountsHandler"}
{"time":"2024-08-14T15:58:13.571928119+05:00","level":"INFO","msg":"GetAccountsHandler"}
{"time":"2024-08-14T15:59:06.134788952+05:00","level":"INFO","msg":"GetAccountsHandler"}
{"time":"2024-08-14T15:59:21.437783596+05:00","level":"INFO","msg":"GetAccountsHandler"}
{"time":"2024-08-14T15:59:47.670679689+05:00","level":"INFO","msg":"GetAccountByIdHandler"}
{"time":"2024-08-14T16:01:06.485723481+05:00","level":"INFO","msg":"GetAccountByIdHandler"}
{"time":"2024-08-14T16:02:19.074262421+05:00","level":"INFO","msg":"GetAccountByIdHandler"}
{"time":"2024-08-14T16:03:14.807166658+05:00","level":"INFO","msg":"GetAccountByIdHandler"}
{"time":"2024-08-14T16:04:39.244952821+05:00","level":"INFO","msg":"GetAccountByIdHandler"}
{"time":"2024-08-14T16:04:49.259448065+05:00","level":"INFO","msg":"GetAccountByIdHandler"}
{"time":"2024-08-14T16:05:17.796533014+05:00","level":"INFO","msg":"GetAccountByIdHandler"}
{"time":"2024-08-14T16:05:46.980453102+05:00","level":"INFO","msg":"GetAccountByIdHandler"}
{"time":"2024-08-14T16:06:07.126067623+05:00","level":"INFO","msg":"GetAccountByIdHandler"}
{"time":"2024-08-14T16:06:20.297696869+05:00","level":"INFO","msg":"GetAccountByIdHandler"}
{"time":"2024-08-14T16:06:46.939638062+05:00","level":"INFO","msg":"GetAccountByIdHandler"}
{"time":"2024-08-14T16:07:58.322724309+05:00","level":"INFO","msg":"UpdateAccountHandler"}
{"time":"2024-08-14T16:08:35.673654733+05:00","level":"INFO","msg":"GetBudgetsHandler"}
{"time":"2024-08-14T16:09:37.076421339+05:00","level":"INFO","msg":"CreateBudgetHandler"}
{"time":"2024-08-14T16:09:47.215915848+05:00","level":"INFO","msg":"GetBudgetsHandler"}
{"time":"2024-08-14T16:10:20.987457267+05:00","level":"INFO","msg":"GetBudgetByIdHandler"}
{"time":"2024-08-14T16:10:39.371016624+05:00","level":"INFO","msg":"DeleteBudgetHandler"}
{"time":"2024-08-14T16:10:56.510967436+05:00","level":"INFO","msg":"GetCategoriesHandler"}
{"time":"2024-08-14T16:11:19.150453867+05:00","level":"INFO","msg":"CreateCategoryHandler"}
{"time":"2024-08-14T16:11:35.74901992+05:00","level":"INFO","msg":"GetCategoriesHandler"}
{"time":"2024-08-14T16:11:56.74225158+05:00","level":"INFO","msg":"UpdateCategoryHandler"}
{"time":"2024-08-14T16:12:11.736030886+05:00","level":"INFO","msg":"GetCategoryByIdHandler"}
{"time":"2024-08-14T16:13:08.838202694+05:00","level":"INFO","msg":"DeleteCategoryHandler"}
{"time":"2024-08-14T16:14:09.414940064+05:00","level":"INFO","msg":"CreateGoalHandler"}
{"time":"2024-08-14T16:14:23.369772853+05:00","level":"INFO","msg":"GetGoalsHandler"}
{"time":"2024-08-14T16:14:48.046978487+05:00","level":"INFO","msg":"UpdateGoalHandler"}
{"time":"2024-08-14T16:14:49.051617106+05:00","level":"INFO","msg":"Message published","topic":"goal_progress_updated"}
{"time":"2024-08-14T16:16:03.469009103+05:00","level":"INFO","msg":"UpdateGoalHandler"}
{"time":"2024-08-14T16:16:04.471911308+05:00","level":"INFO","msg":"Message published","topic":"goal_progress_updated"}
{"time":"2024-08-14T16:16:34.125256633+05:00","level":"INFO","msg":"DeleteGoalHandler"}
{"time":"2024-08-14T16:16:59.098405806+05:00","level":"INFO","msg":"GetNotifications"}
{"time":"2024-08-14T16:17:13.723512823+05:00","level":"INFO","msg":"GetTransactionsHandler"}
{"time":"2024-08-14T16:17:47.00978792+05:00","level":"INFO","msg":"GetTransactionsHandler"}
{"time":"2024-08-14T16:18:31.917569545+05:00","level":"INFO","msg":"GetTransactionsHandler"}
{"time":"2024-08-14T16:18:59.768762997+05:00","level":"INFO","msg":"GetTransactionsHandler"}
{"time":"2024-08-14T16:19:22.759594947+05:00","level":"INFO","msg":"CreateTransactionHandler"}
{"time":"2024-08-14T16:19:23.762875331+05:00","level":"INFO","msg":"Message published","topic":"transaction_created"}
{"time":"2024-08-14T16:19:24.765765907+05:00","level":"INFO","msg":"Message published","topic":"notification_created"}
{"time":"2024-08-14T16:19:42.76427999+05:00","level":"INFO","msg":"GetTransactionsHandler"}
{"time":"2024-08-14T16:22:24.282931575+05:00","level":"INFO","msg":"GetTransactionsHandler"}
{"time":"2024-08-14T16:23:04.689976413+05:00","level":"INFO","msg":"UpdateTransactionHandler"}
{"time":"2024-08-14T16:23:40.381170941+05:00","level":"INFO","msg":"DeleteTransactionHandler"}
{"time":"2024-08-14T16:27:18.341268215+05:00","level":"INFO","msg":"CreateTransactionHandler"}
{"time":"2024-08-14T16:27:19.349044696+05:00","level":"INFO","msg":"Message published","topic":"transaction_created"}
{"time":"2024-08-14T16:27:20.351437333+05:00","level":"INFO","msg":"Message published","topic":"notification_created"}
{"time":"2024-08-14T16:28:53.361244859+05:00","level":"INFO","msg":"CreateTransactionHandler"}
{"time":"2024-08-14T16:28:54.369638813+05:00","level":"INFO","msg":"Message published","topic":"transaction_created"}
{"time":"2024-08-14T16:28:55.373319259+05:00","level":"INFO","msg":"Message published","topic":"notification_created"}
{"time":"2024-08-14T16:29:08.103970339+05:00","level":"INFO","msg":"CreateTransactionHandler"}
{"time":"2024-08-14T16:29:09.107232024+05:00","level":"INFO","msg":"Message published","topic":"transaction_created"}
{"time":"2024-08-14T16:29:10.109246891+05:00","level":"INFO","msg":"Message published","topic":"notification_created"}
{"time":"2024-08-14T16:29:45.541550057+05:00","level":"INFO","msg":"GetTransactionsHandler"}
{"time":"2024-08-14T16:30:12.093164559+05:00","level":"INFO","msg":"GetBudgetPerformanceReportHandler called"}
{"time":"2024-08-14T16:30:19.263971543+05:00","level":"INFO","msg":"GetBudgetPerformanceReportHandler called"}
{"time":"2024-08-14T16:30:42.606283906+05:00","level":"INFO","msg":"GetBudgetPerformanceReportHandler called"}
{"time":"2024-08-14T16:31:22.753857992+05:00","level":"INFO","msg":"GetGoalProgressReportHandler called"}
{"time":"2024-08-14T16:40:56.789943358+05:00","level":"INFO","msg":"GetIncomeReportHandler called"}
{"time":"2024-08-14T16:42:04.350746062+05:00","level":"INFO","msg":"GetAccountsHandler"}
{"time":"2024-08-14T16:45:05.578181516+05:00","level":"INFO","msg":"GetGoalProgressReportHandler called"}
{"time":"2024-08-14T16:45:26.925284971+05:00","level":"INFO","msg":"GetGoalProgressReportHandler called"}
{"time":"2024-08-14T16:46:36.918264581+05:00","level":"INFO","msg":"GetIncomeReportHandler called"}
{"time":"2024-08-14T16:49:27.254718724+05:00","level":"INFO","msg":"GetIncomeReportHandler called"}
{"time":"2024-08-14T16:52:39.712041866+05:00","level":"INFO","msg":"CreateTransactionHandler"}
{"time":"2024-08-14T16:52:40.718732455+05:00","level":"INFO","msg":"Message published","topic":"transaction_created"}
{"time":"2024-08-14T16:52:41.722198423+05:00","level":"INFO","msg":"Message published","topic":"notification_created"}
{"time":"2024-08-14T16:53:23.931803404+05:00","level":"INFO","msg":"GetIncomeReportHandler called"}
{"time":"2024-08-14T16:54:12.785377324+05:00","level":"INFO","msg":"CreateCategoryHandler"}
{"time":"2024-08-14T16:54:46.290925686+05:00","level":"INFO","msg":"CreateTransactionHandler"}
{"time":"2024-08-14T16:54:47.293924233+05:00","level":"INFO","msg":"Message published","topic":"transaction_created"}
{"time":"2024-08-14T16:54:48.297169152+05:00","level":"INFO","msg":"Message published","topic":"notification_created"}
{"time":"2024-08-14T16:55:05.806330439+05:00","level":"INFO","msg":"GetIncomeReportHandler called"}
{"time":"2024-08-14T16:55:33.423619056+05:00","level":"INFO","msg":"GetIncomeReportHandler called"}
